<?xml version="1.0" encoding="UTF-8"?>
<!-- Generated by org.testng.reporters.JUnitXMLReporter -->
<testsuite ignored="3" hostname="LAPTOP-96SE6UHF" failures="0" tests="3" name="Smoke" time="0.108" errors="0" timestamp="2022-08-16T20:26:33 IST">
  <testcase classname="com.mystore.TestCases.LoginTest" name="@BeforeMethod intializeDriver" time="0.002">
    <failure type="java.lang.NullPointerException" message="Cannot invoke &amp;quot;org.openqa.selenium.WebDriver.manage()&amp;quot; because the return value of &amp;quot;com.mystore.base.BaseClass.getDriver()&amp;quot; is null">
      <![CDATA[java.lang.NullPointerException: Cannot invoke "org.openqa.selenium.WebDriver.manage()" because the return value of "com.mystore.base.BaseClass.getDriver()" is null
at com.mystore.base.BaseClass.launchApp(BaseClass.java:77)
at com.mystore.TestCases.LoginTest.intializeDriver(LoginTest.java:25)
at java.base/java.util.ArrayList.forEach(ArrayList.java:1511)
... Removed 29 stack frames]]>
    </failure>
  </testcase> <!-- @BeforeMethod intializeDriver -->
  <testcase classname="com.mystore.TestCases.LoginTest" name="@AfterMethod disposeDriver" time="-1.660661793162E9">
    <skipped/>
  </testcase> <!-- @AfterMethod disposeDriver -->
  <testcase classname="com.mystore.TestCases.LoginTest" name="@BeforeMethod intializeDriver" time="-1.660661793169E9">
    <skipped/>
  </testcase> <!-- @BeforeMethod intializeDriver -->
  <testcase classname="com.mystore.TestCases.LoginTest" name="@AfterMethod disposeDriver" time="-1.660661793176E9">
    <skipped/>
  </testcase> <!-- @AfterMethod disposeDriver -->
  <testcase classname="com.mystore.TestCases.SearchResultTest" name="@BeforeMethod intializeDriver" time="0.002">
    <failure type="java.lang.NullPointerException" message="Cannot invoke &amp;quot;org.openqa.selenium.WebDriver.manage()&amp;quot; because the return value of &amp;quot;com.mystore.base.BaseClass.getDriver()&amp;quot; is null">
      <![CDATA[java.lang.NullPointerException: Cannot invoke "org.openqa.selenium.WebDriver.manage()" because the return value of "com.mystore.base.BaseClass.getDriver()" is null
at com.mystore.base.BaseClass.launchApp(BaseClass.java:77)
at com.mystore.TestCases.SearchResultTest.intializeDriver(SearchResultTest.java:21)
at java.base/java.util.ArrayList.forEach(ArrayList.java:1511)
... Removed 29 stack frames]]>
    </failure>
  </testcase> <!-- @BeforeMethod intializeDriver -->
  <testcase classname="com.mystore.TestCases.SearchResultTest" name="@AfterMethod disposeDriver" time="-1.660661793193E9">
    <skipped/>
  </testcase> <!-- @AfterMethod disposeDriver -->
  <testcase classname="com.mystore.TestCases.LoginTest" name="verifySignIn" time="0.0">
    <skipped/>
  </testcase> <!-- verifySignIn -->
  <testcase classname="com.mystore.TestCases.LoginTest" name="verifySignIn" time="0.0">
    <skipped/>
  </testcase> <!-- verifySignIn -->
  <testcase classname="com.mystore.TestCases.SearchResultTest" name="validProductTest" time="0.0">
    <skipped/>
  </testcase> <!-- validProductTest -->
  <testcase classname="com.mystore.base.BaseClass" name="@AfterSuite afterSuite" time="0.0">
    <ignored/>
  </testcase> <!-- @AfterSuite afterSuite -->
  <testcase classname="com.mystore.base.BaseClass" name="@BeforeSuite loadconfig" time="0.0">
    <ignored/>
  </testcase> <!-- @BeforeSuite loadconfig -->
  <testcase classname="com.mystore.TestCases.SearchResultTest" name="noProductTest" time="0.0">
    <ignored/>
  </testcase> <!-- noProductTest -->
</testsuite> <!-- Smoke -->
