<?xml version="1.0" encoding="UTF-8"?>
<!-- Generated by org.testng.reporters.JUnitXMLReporter -->
<testsuite ignored="2" hostname="LAPTOP-96SE6UHF" failures="2" tests="4" name="Test" time="51.063" errors="0" timestamp="2022-08-15T10:05:31 IST">
  <testcase classname="com.mystore.TestCases.SearchResultTest" name="noProductTest" time="2.629"/>
  <testcase classname="com.mystore.TestCases.SearchResultTest" name="validProductTest" time="2.434"/>
  <testcase classname="com.mystore.TestCases.LoginTest" name="verifySignIn" time="2.947">
    <failure type="java.lang.NullPointerException" message="Cannot invoke &amp;quot;org.openqa.selenium.support.ui.WebDriverWait.until(java.util.function.Function)&amp;quot; because &amp;quot;this.wait&amp;quot; is null">
      <![CDATA[java.lang.NullPointerException: Cannot invoke "org.openqa.selenium.support.ui.WebDriverWait.until(java.util.function.Function)" because "this.wait" is null
at com.mystore.pageobjects.HomePage.clickOnSignIn(HomePage.java:44)
at com.mystore.TestCases.LoginTest.verifySignIn(LoginTest.java:55)
at java.base/java.util.ArrayList.forEach(ArrayList.java:1511)
... Removed 25 stack frames]]>
    </failure>
  </testcase> <!-- verifySignIn -->
  <testcase classname="com.mystore.TestCases.LoginTest" name="verifySignIn" time="2.243">
    <failure type="java.lang.NullPointerException" message="Cannot invoke &amp;quot;org.openqa.selenium.support.ui.WebDriverWait.until(java.util.function.Function)&amp;quot; because &amp;quot;this.wait&amp;quot; is null">
      <![CDATA[java.lang.NullPointerException: Cannot invoke "org.openqa.selenium.support.ui.WebDriverWait.until(java.util.function.Function)" because "this.wait" is null
at com.mystore.pageobjects.HomePage.clickOnSignIn(HomePage.java:44)
at com.mystore.TestCases.LoginTest.verifySignIn(LoginTest.java:40)
at java.base/java.util.ArrayList.forEach(ArrayList.java:1511)
... Removed 25 stack frames]]>
    </failure>
  </testcase> <!-- verifySignIn -->
  <testcase classname="com.mystore.base.BaseClass" name="@AfterSuite afterSuite" time="0.0">
    <ignored/>
  </testcase> <!-- @AfterSuite afterSuite -->
  <testcase classname="com.mystore.base.BaseClass" name="@BeforeSuite loadconfig" time="0.0">
    <ignored/>
  </testcase> <!-- @BeforeSuite loadconfig -->
</testsuite> <!-- Test -->
