<?xml version="1.0" encoding="UTF-8"?>
<!-- Generated by org.testng.reporters.JUnitXMLReporter -->
<testsuite ignored="2" hostname="LAPTOP-96SE6UHF" failures="0" tests="4" name="Test" time="44.285" errors="0" timestamp="2022-08-16T12:34:27 IST">
  <testcase classname="com.mystore.TestCases.SearchResultTest" name="noProductTest" time="2.107"/>
  <testcase classname="com.mystore.TestCases.SearchResultTest" name="validProductTest" time="1.869"/>
  <testcase classname="com.mystore.TestCases.LoginTest" name="verifySignIn" time="4.835"/>
  <testcase classname="com.mystore.TestCases.LoginTest" name="verifySignIn" time="5.371"/>
  <testcase classname="com.mystore.base.BaseClass" name="@AfterSuite afterSuite" time="0.0">
    <ignored/>
  </testcase> <!-- @AfterSuite afterSuite -->
  <testcase classname="com.mystore.base.BaseClass" name="@BeforeSuite loadconfig" time="0.0">
    <ignored/>
  </testcase> <!-- @BeforeSuite loadconfig -->
</testsuite> <!-- Test -->
