<?xml version="1.0" encoding="UTF-8"?>
<!-- Generated by org.testng.reporters.JUnitXMLReporter -->
<testsuite ignored="2" hostname="LAPTOP-96SE6UHF" failures="0" tests="4" name="Test" time="79.343" errors="0" timestamp="2022-08-15T10:49:33 IST">
  <testcase classname="com.mystore.TestCases.SearchResultTest" name="noProductTest" time="4.376"/>
  <testcase classname="com.mystore.TestCases.SearchResultTest" name="validProductTest" time="3.659"/>
  <testcase classname="com.mystore.TestCases.LoginTest" name="verifySignIn" time="5.032"/>
  <testcase classname="com.mystore.TestCases.LoginTest" name="verifySignIn" time="19.408"/>
  <testcase classname="com.mystore.base.BaseClass" name="@AfterSuite afterSuite" time="0.0">
    <ignored/>
  </testcase> <!-- @AfterSuite afterSuite -->
  <testcase classname="com.mystore.base.BaseClass" name="@BeforeSuite loadconfig" time="0.0">
    <ignored/>
  </testcase> <!-- @BeforeSuite loadconfig -->
</testsuite> <!-- Test -->
