<?xml version="1.0" encoding="UTF-8"?>
<!-- Generated by org.testng.reporters.JUnitXMLReporter -->
<testsuite ignored="2" hostname="LAPTOP-96SE6UHF" failures="0" tests="4" name="Test_All" time="178.993" errors="0" timestamp="2022-08-16T19:53:36 IST">
  <testcase classname="com.mystore.TestCases.SearchResultTest" name="noProductTest" time="14.704"/>
  <testcase classname="com.mystore.TestCases.SearchResultTest" name="validProductTest" time="17.014"/>
  <testcase classname="com.mystore.TestCases.LoginTest" name="verifySignIn" time="36.544"/>
  <testcase classname="com.mystore.TestCases.LoginTest" name="verifySignIn" time="38.258"/>
  <testcase classname="com.mystore.base.BaseClass" name="@AfterSuite afterSuite" time="0.0">
    <ignored/>
  </testcase> <!-- @AfterSuite afterSuite -->
  <testcase classname="com.mystore.base.BaseClass" name="@BeforeSuite loadconfig" time="0.0">
    <ignored/>
  </testcase> <!-- @BeforeSuite loadconfig -->
</testsuite> <!-- Test_All -->
