<?xml version="1.0" encoding="UTF-8"?>
<testng-results ignored="2" total="6" passed="4" failed="0" skipped="0">
  <reporter-output>
  </reporter-output>
  <suite started-at="2022-08-15T10:48:13 IST" name="Suite" finished-at="2022-08-15T10:49:33 IST" duration-ms="79343">
    <groups>
    </groups>
    <test started-at="2022-08-15T10:48:13 IST" name="Test" finished-at="2022-08-15T10:49:33 IST" duration-ms="79343">
      <class name="com.mystore.TestCases.LoginTest">
        <test-method is-config="true" signature="intializeDriver()[pri:0, instance:com.mystore.TestCases.LoginTest@48e4374]" started-at="2022-08-15T10:48:46 IST" name="intializeDriver" finished-at="2022-08-15T10:48:59 IST" duration-ms="12171" status="PASS">
          <reporter-output>
          </reporter-output>
        </test-method> <!-- intializeDriver -->
        <test-method signature="verifySignIn(java.lang.String,java.lang.String,java.lang.String)[pri:0, instance:com.mystore.TestCases.LoginTest@48e4374]" started-at="2022-08-15T10:48:59 IST" name="verifySignIn" data-provider="credentials" finished-at="2022-08-15T10:49:04 IST" duration-ms="5032" status="PASS">
          <params>
            <param index="0">
              <value>
                <![CDATA[dd@dd.com]]>
              </value>
            </param>
            <param index="1">
              <value>
                <![CDATA[ff@2333]]>
              </value>
            </param>
            <param index="2">
              <value>
                <![CDATA[invalid]]>
              </value>
            </param>
          </params>
          <reporter-output>
          </reporter-output>
        </test-method> <!-- verifySignIn -->
        <test-method is-config="true" signature="disposeDriver()[pri:0, instance:com.mystore.TestCases.LoginTest@48e4374]" started-at="2022-08-15T10:49:04 IST" name="disposeDriver" finished-at="2022-08-15T10:49:04 IST" duration-ms="517" status="PASS">
          <reporter-output>
          </reporter-output>
        </test-method> <!-- disposeDriver -->
        <test-method is-config="true" signature="intializeDriver()[pri:0, instance:com.mystore.TestCases.LoginTest@48e4374]" started-at="2022-08-15T10:49:04 IST" name="intializeDriver" finished-at="2022-08-15T10:49:12 IST" duration-ms="7872" status="PASS">
          <reporter-output>
          </reporter-output>
        </test-method> <!-- intializeDriver -->
        <test-method signature="verifySignIn(java.lang.String,java.lang.String,java.lang.String)[pri:0, instance:com.mystore.TestCases.LoginTest@48e4374]" started-at="2022-08-15T10:49:12 IST" name="verifySignIn" data-provider="credentials" finished-at="2022-08-15T10:49:31 IST" duration-ms="19408" status="PASS">
          <params>
            <param index="0">
              <value>
                <![CDATA[admin@xyz.com]]>
              </value>
            </param>
            <param index="1">
              <value>
                <![CDATA[admin@123]]>
              </value>
            </param>
            <param index="2">
              <value>
                <![CDATA[valid]]>
              </value>
            </param>
          </params>
          <reporter-output>
          </reporter-output>
        </test-method> <!-- verifySignIn -->
        <test-method is-config="true" signature="disposeDriver()[pri:0, instance:com.mystore.TestCases.LoginTest@48e4374]" started-at="2022-08-15T10:49:31 IST" name="disposeDriver" finished-at="2022-08-15T10:49:33 IST" duration-ms="1453" status="PASS">
          <reporter-output>
          </reporter-output>
        </test-method> <!-- disposeDriver -->
      </class> <!-- com.mystore.TestCases.LoginTest -->
      <class name="com.mystore.TestCases.SearchResultTest">
        <test-method is-config="true" signature="loadconfig()[pri:0, instance:com.mystore.TestCases.SearchResultTest@76908cc0]" started-at="2022-08-15T10:48:13 IST" name="loadconfig" finished-at="2022-08-15T10:48:13 IST" duration-ms="680" status="PASS">
          <reporter-output>
          </reporter-output>
        </test-method> <!-- loadconfig -->
        <test-method is-config="true" signature="intializeDriver()[pri:0, instance:com.mystore.TestCases.SearchResultTest@76908cc0]" started-at="2022-08-15T10:48:14 IST" name="intializeDriver" finished-at="2022-08-15T10:48:25 IST" duration-ms="11172" status="PASS">
          <reporter-output>
          </reporter-output>
        </test-method> <!-- intializeDriver -->
        <test-method signature="noProductTest()[pri:0, instance:com.mystore.TestCases.SearchResultTest@76908cc0]" started-at="2022-08-15T10:48:25 IST" name="noProductTest" finished-at="2022-08-15T10:48:29 IST" duration-ms="4376" status="PASS">
          <reporter-output>
          </reporter-output>
        </test-method> <!-- noProductTest -->
        <test-method is-config="true" signature="disposeDriver()[pri:0, instance:com.mystore.TestCases.SearchResultTest@76908cc0]" started-at="2022-08-15T10:48:29 IST" name="disposeDriver" finished-at="2022-08-15T10:48:30 IST" duration-ms="541" status="PASS">
          <reporter-output>
          </reporter-output>
        </test-method> <!-- disposeDriver -->
        <test-method is-config="true" signature="intializeDriver()[pri:0, instance:com.mystore.TestCases.SearchResultTest@76908cc0]" started-at="2022-08-15T10:48:30 IST" name="intializeDriver" finished-at="2022-08-15T10:48:42 IST" duration-ms="12524" status="PASS">
          <reporter-output>
          </reporter-output>
        </test-method> <!-- intializeDriver -->
        <test-method signature="validProductTest()[pri:0, instance:com.mystore.TestCases.SearchResultTest@76908cc0]" started-at="2022-08-15T10:48:42 IST" name="validProductTest" finished-at="2022-08-15T10:48:46 IST" duration-ms="3659" status="PASS">
          <reporter-output>
          </reporter-output>
        </test-method> <!-- validProductTest -->
        <test-method is-config="true" signature="disposeDriver()[pri:0, instance:com.mystore.TestCases.SearchResultTest@76908cc0]" started-at="2022-08-15T10:48:46 IST" name="disposeDriver" finished-at="2022-08-15T10:48:46 IST" duration-ms="508" status="PASS">
          <reporter-output>
          </reporter-output>
        </test-method> <!-- disposeDriver -->
        <test-method is-config="true" signature="afterSuite()[pri:0, instance:com.mystore.TestCases.SearchResultTest@76908cc0]" started-at="2022-08-15T10:49:33 IST" name="afterSuite" finished-at="2022-08-15T10:49:34 IST" duration-ms="988" status="PASS">
          <reporter-output>
          </reporter-output>
        </test-method> <!-- afterSuite -->
      </class> <!-- com.mystore.TestCases.SearchResultTest -->
    </test> <!-- Test -->
  </suite> <!-- Suite -->
</testng-results>
