<?xml version="1.0" encoding="UTF-8"?>
<!-- Generated by org.testng.reporters.JUnitXMLReporter -->
<testsuite ignored="1" hostname="LAPTOP-96SE6UHF" failures="2" tests="2" name="Test_Smoke" time="6.511" errors="0" timestamp="2022-08-16T20:15:23 IST">
  <testcase classname="com.mystore.TestCases.SearchResultTest" name="@BeforeMethod intializeDriver" time="4.086">
    <failure type="java.lang.NullPointerException" message="Cannot invoke &amp;quot;java.util.Properties.getProperty(String)&amp;quot; because &amp;quot;com.mystore.base.BaseClass.prop&amp;quot; is null">
      <![CDATA[java.lang.NullPointerException: Cannot invoke "java.util.Properties.getProperty(String)" because "com.mystore.base.BaseClass.prop" is null
at com.mystore.base.BaseClass.launchApp(BaseClass.java:78)
at com.mystore.TestCases.SearchResultTest.intializeDriver(SearchResultTest.java:21)
at java.base/java.util.ArrayList.forEach(ArrayList.java:1511)
... Removed 29 stack frames]]>
    </failure>
  </testcase> <!-- @BeforeMethod intializeDriver -->
  <testcase classname="com.mystore.TestCases.LoginTest" name="@BeforeMethod intializeDriver" time="2.253">
    <failure type="java.lang.NullPointerException" message="Cannot invoke &amp;quot;java.util.Properties.getProperty(String)&amp;quot; because &amp;quot;com.mystore.base.BaseClass.prop&amp;quot; is null">
      <![CDATA[java.lang.NullPointerException: Cannot invoke "java.util.Properties.getProperty(String)" because "com.mystore.base.BaseClass.prop" is null
at com.mystore.base.BaseClass.launchApp(BaseClass.java:78)
at com.mystore.TestCases.LoginTest.intializeDriver(LoginTest.java:25)
at java.base/java.util.ArrayList.forEach(ArrayList.java:1511)
... Removed 29 stack frames]]>
    </failure>
  </testcase> <!-- @BeforeMethod intializeDriver -->
  <testcase classname="com.mystore.TestCases.SearchResultTest" name="validProductTest" time="4.155">
    <failure type="java.lang.NullPointerException" message="Cannot invoke &amp;quot;com.aventstack.extentreports.ExtentReports.createTest(String)&amp;quot; because &amp;quot;com.mystore.utilities.ListenerClass.extent&amp;quot; is null">
      <![CDATA[java.lang.NullPointerException: Cannot invoke "com.aventstack.extentreports.ExtentReports.createTest(String)" because "com.mystore.utilities.ListenerClass.extent" is null
at com.mystore.utilities.ListenerClass.onTestStart(ListenerClass.java:22)
at java.base/java.util.ArrayList.forEach(ArrayList.java:1511)
... Removed 25 stack frames]]>
    </failure>
  </testcase> <!-- validProductTest -->
  <testcase classname="com.mystore.TestCases.LoginTest" name="verifySignIn" time="2.28">
    <failure type="java.lang.NullPointerException" message="Cannot invoke &amp;quot;com.aventstack.extentreports.ExtentReports.createTest(String)&amp;quot; because &amp;quot;com.mystore.utilities.ListenerClass.extent&amp;quot; is null">
      <![CDATA[java.lang.NullPointerException: Cannot invoke "com.aventstack.extentreports.ExtentReports.createTest(String)" because "com.mystore.utilities.ListenerClass.extent" is null
at com.mystore.utilities.ListenerClass.onTestStart(ListenerClass.java:22)
at java.base/java.util.ArrayList.forEach(ArrayList.java:1511)
... Removed 25 stack frames]]>
    </failure>
  </testcase> <!-- verifySignIn -->
  <testcase classname="com.mystore.TestCases.SearchResultTest" name="noProductTest" time="0.0">
    <ignored/>
  </testcase> <!-- noProductTest -->
</testsuite> <!-- Test_Smoke -->
