<?xml version="1.0" encoding="UTF-8"?>
<testng-results ignored="0" total="2" passed="2" failed="0" skipped="0">
  <reporter-output>
  </reporter-output>
  <suite started-at="2022-08-15T10:40:09 IST" name="Default suite" finished-at="2022-08-15T10:40:37 IST" duration-ms="28473">
    <groups>
    </groups>
    <test started-at="2022-08-15T10:40:09 IST" name="Default test" finished-at="2022-08-15T10:40:37 IST" duration-ms="28473">
      <class name="com.mystore.TestCases.LoginTest">
        <test-method is-config="true" signature="loadconfig()[pri:0, instance:com.mystore.TestCases.LoginTest@7714e963]" started-at="2022-08-15T10:40:08 IST" name="loadconfig" finished-at="2022-08-15T10:40:09 IST" duration-ms="832" status="PASS">
          <reporter-output>
          </reporter-output>
        </test-method> <!-- loadconfig -->
        <test-method is-config="true" signature="intializeDriver()[pri:0, instance:com.mystore.TestCases.LoginTest@7714e963]" started-at="2022-08-15T10:40:09 IST" name="intializeDriver" finished-at="2022-08-15T10:40:19 IST" duration-ms="9885" status="PASS">
          <reporter-output>
          </reporter-output>
        </test-method> <!-- intializeDriver -->
        <test-method signature="verifySignIn(java.lang.String,java.lang.String,java.lang.String)[pri:0, instance:com.mystore.TestCases.LoginTest@7714e963]" started-at="2022-08-15T10:40:19 IST" name="verifySignIn" data-provider="credentials" finished-at="2022-08-15T10:40:24 IST" duration-ms="5364" status="PASS">
          <params>
            <param index="0">
              <value>
                <![CDATA[dd@dd.com]]>
              </value>
            </param>
            <param index="1">
              <value>
                <![CDATA[ff@2333]]>
              </value>
            </param>
            <param index="2">
              <value>
                <![CDATA[invalid]]>
              </value>
            </param>
          </params>
          <reporter-output>
          </reporter-output>
        </test-method> <!-- verifySignIn -->
        <test-method is-config="true" signature="disposeDriver()[pri:0, instance:com.mystore.TestCases.LoginTest@7714e963]" started-at="2022-08-15T10:40:24 IST" name="disposeDriver" finished-at="2022-08-15T10:40:25 IST" duration-ms="429" status="PASS">
          <reporter-output>
          </reporter-output>
        </test-method> <!-- disposeDriver -->
        <test-method is-config="true" signature="intializeDriver()[pri:0, instance:com.mystore.TestCases.LoginTest@7714e963]" started-at="2022-08-15T10:40:25 IST" name="intializeDriver" finished-at="2022-08-15T10:40:32 IST" duration-ms="7029" status="PASS">
          <reporter-output>
          </reporter-output>
        </test-method> <!-- intializeDriver -->
        <test-method signature="verifySignIn(java.lang.String,java.lang.String,java.lang.String)[pri:0, instance:com.mystore.TestCases.LoginTest@7714e963]" started-at="2022-08-15T10:40:32 IST" name="verifySignIn" data-provider="credentials" finished-at="2022-08-15T10:40:37 IST" duration-ms="5162" status="PASS">
          <params>
            <param index="0">
              <value>
                <![CDATA[admin@xyz.com]]>
              </value>
            </param>
            <param index="1">
              <value>
                <![CDATA[admin@123]]>
              </value>
            </param>
            <param index="2">
              <value>
                <![CDATA[valid]]>
              </value>
            </param>
          </params>
          <reporter-output>
          </reporter-output>
        </test-method> <!-- verifySignIn -->
        <test-method is-config="true" signature="disposeDriver()[pri:0, instance:com.mystore.TestCases.LoginTest@7714e963]" started-at="2022-08-15T10:40:37 IST" name="disposeDriver" finished-at="2022-08-15T10:40:37 IST" duration-ms="509" status="PASS">
          <reporter-output>
          </reporter-output>
        </test-method> <!-- disposeDriver -->
        <test-method is-config="true" signature="afterSuite()[pri:0, instance:com.mystore.TestCases.LoginTest@7714e963]" started-at="2022-08-15T10:40:37 IST" name="afterSuite" finished-at="2022-08-15T10:40:38 IST" duration-ms="890" status="PASS">
          <reporter-output>
          </reporter-output>
        </test-method> <!-- afterSuite -->
      </class> <!-- com.mystore.TestCases.LoginTest -->
    </test> <!-- Default test -->
  </suite> <!-- Default suite -->
</testng-results>
