<?xml version="1.0" encoding="UTF-8"?>
<!-- Generated by org.testng.reporters.JUnitXMLReporter -->
<testsuite ignored="3" hostname="LAPTOP-96SE6UHF" failures="0" tests="2" name="Test_Sanity" time="38.728" errors="0" timestamp="2022-08-16T20:27:34 IST">
  <testcase classname="com.mystore.TestCases.SearchResultTest" name="noProductTest" time="4.359"/>
  <testcase classname="com.mystore.TestCases.SearchResultTest" name="validProductTest" time="10.828"/>
  <testcase classname="com.mystore.base.BaseClass" name="@AfterSuite afterSuite" time="0.0">
    <ignored/>
  </testcase> <!-- @AfterSuite afterSuite -->
  <testcase classname="com.mystore.base.BaseClass" name="@BeforeSuite loadconfig" time="0.0">
    <ignored/>
  </testcase> <!-- @BeforeSuite loadconfig -->
  <testcase classname="com.mystore.TestCases.LoginTest" name="verifySignIn" time="0.0">
    <ignored/>
  </testcase> <!-- verifySignIn -->
</testsuite> <!-- Test_Sanity -->
